<?xml version="1.0" encoding="UTF-8"?>
<testng-results ignored="8" total="11" passed="3" failed="0" skipped="0">
  <reporter-output>
  </reporter-output>
  <suite started-at="2025-04-11T05:07:41 IST" name="Gradle suite" finished-at="2025-04-11T05:08:04 IST" duration-ms="23752">
    <groups>
    </groups>
    <test started-at="2025-04-11T05:07:41 IST" name="Gradle test" finished-at="2025-04-11T05:08:04 IST" duration-ms="23752">
      <class name="qtriptest.tests.testCase_01">
        <test-method is-config="true" signature="createDriver()[pri:0, instance:qtriptest.tests.testCase_01@437da279]" started-at="2025-04-11T05:07:41 IST" name="createDriver" finished-at="2025-04-11T05:07:43 IST" duration-ms="2740" status="PASS">
          <reporter-output>
          </reporter-output>
        </test-method> <!-- createDriver -->
        <test-method signature="TestCase01(java.lang.String,java.lang.String)[pri:0, instance:qtriptest.tests.testCase_01@437da279]" started-at="2025-04-11T05:07:45 IST" name="TestCase01" description="Verify user registration, login and logout flow" data-provider="data-provider" finished-at="2025-04-11T05:07:52 IST" duration-ms="6892" status="PASS">
          <params>
            <param index="0">
              <value>
                <![CDATA[testuser@gmail.com]]>
              </value>
            </param>
            <param index="1">
              <value>
                <![CDATA[abc@123]]>
              </value>
            </param>
          </params>
          <reporter-output>
          </reporter-output>
        </test-method> <!-- TestCase01 -->
        <test-method signature="TestCase01(java.lang.String,java.lang.String)[pri:0, instance:qtriptest.tests.testCase_01@437da279]" started-at="2025-04-11T05:07:52 IST" name="TestCase01" description="Verify user registration, login and logout flow" data-provider="data-provider" finished-at="2025-04-11T05:07:58 IST" duration-ms="5712" status="PASS">
          <params>
            <param index="0">
              <value>
                <![CDATA[TESTUSER@gmail.com]]>
              </value>
            </param>
            <param index="1">
              <value>
                <![CDATA[123456.0]]>
              </value>
            </param>
          </params>
          <reporter-output>
          </reporter-output>
        </test-method> <!-- TestCase01 -->
        <test-method signature="TestCase01(java.lang.String,java.lang.String)[pri:0, instance:qtriptest.tests.testCase_01@437da279]" started-at="2025-04-11T05:07:58 IST" name="TestCase01" description="Verify user registration, login and logout flow" data-provider="data-provider" finished-at="2025-04-11T05:08:04 IST" duration-ms="6495" status="PASS">
          <params>
            <param index="0">
              <value>
                <![CDATA[123_USER_low@gmail.com]]>
              </value>
            </param>
            <param index="1">
              <value>
                <![CDATA[QWERTY!!!!]]>
              </value>
            </param>
          </params>
          <reporter-output>
          </reporter-output>
        </test-method> <!-- TestCase01 -->
        <test-method is-config="true" signature="quitDriver()[pri:0, instance:qtriptest.tests.testCase_01@437da279]" started-at="2025-04-11T05:08:04 IST" name="quitDriver" finished-at="2025-04-11T05:08:04 IST" duration-ms="78" status="PASS">
          <reporter-output>
          </reporter-output>
        </test-method> <!-- quitDriver -->
      </class> <!-- qtriptest.tests.testCase_01 -->
    </test> <!-- Gradle test -->
  </suite> <!-- Gradle suite -->
</testng-results>
